[2025-07-01 12:46:05] local.ERROR: Command "make:migrate" is not defined.

Did you mean one of these?
    make:cast
    make:channel
    make:command
    make:component
    make:controller
    make:event
    make:exception
    make:factory
    make:job
    make:listener
    make:mail
    make:middleware
    make:migration
    make:model
    make:notification
    make:observer
    make:policy
    make:provider
    make:request
    make:resource
    make:rule
    make:seeder
    make:test {"exception":"[object] (Symfony\\Component\\Console\\Exception\\CommandNotFoundException(code: 0): Command \"make:migrate\" is not defined.

Did you mean one of these?
    make:cast
    make:channel
    make:command
    make:component
    make:controller
    make:event
    make:exception
    make:factory
    make:job
    make:listener
    make:mail
    make:middleware
    make:migration
    make:model
    make:notification
    make:observer
    make:policy
    make:provider
    make:request
    make:resource
    make:rule
    make:seeder
    make:test at C:\\wamp64\\www\\ww\\competition_regional_ibrahimi_maroua_backend\\vendor\\symfony\\console\\Application.php:720)
[stacktrace]
#0 C:\\wamp64\\www\\ww\\competition_regional_ibrahimi_maroua_backend\\vendor\\symfony\\console\\Application.php(259): Symfony\\Component\\Console\\Application->find('make:migrate')
#1 C:\\wamp64\\www\\ww\\competition_regional_ibrahimi_maroua_backend\\vendor\\symfony\\console\\Application.php(171): Symfony\\Component\\Console\\Application->doRun(Object(Symfony\\Component\\Console\\Input\\ArgvInput), Object(Symfony\\Component\\Console\\Output\\ConsoleOutput))
#2 C:\\wamp64\\www\\ww\\competition_regional_ibrahimi_maroua_backend\\vendor\\laravel\\framework\\src\\Illuminate\\Console\\Application.php(94): Symfony\\Component\\Console\\Application->run(Object(Symfony\\Component\\Console\\Input\\ArgvInput), Object(Symfony\\Component\\Console\\Output\\ConsoleOutput))
#3 C:\\wamp64\\www\\ww\\competition_regional_ibrahimi_maroua_backend\\vendor\\laravel\\framework\\src\\Illuminate\\Foundation\\Console\\Kernel.php(129): Illuminate\\Console\\Application->run(Object(Symfony\\Component\\Console\\Input\\ArgvInput), Object(Symfony\\Component\\Console\\Output\\ConsoleOutput))
#4 C:\\wamp64\\www\\ww\\competition_regional_ibrahimi_maroua_backend\\artisan(37): Illuminate\\Foundation\\Console\\Kernel->handle(Object(Symfony\\Component\\Console\\Input\\ArgvInput), Object(Symfony\\Component\\Console\\Output\\ConsoleOutput))
#5 {main}
"} 
[2025-07-01 13:29:15] local.ERROR: Method Illuminate\Routing\Route::midellware does not exist. {"exception":"[object] (BadMethodCallException(code: 0): Method Illuminate\\Routing\\Route::midellware does not exist. at C:\\wamp64\\www\\ww\\competition_regional_ibrahimi_maroua_backend\\vendor\\laravel\\framework\\src\\Illuminate\\Macroable\\Traits\\Macroable.php:113)
[stacktrace]
#0 C:\\wamp64\\www\\ww\\competition_regional_ibrahimi_maroua_backend\\routes\\web.php(24): Illuminate\\Routing\\Route->__call('midellware', Array)
#1 C:\\wamp64\\www\\ww\\competition_regional_ibrahimi_maroua_backend\\vendor\\laravel\\framework\\src\\Illuminate\\Routing\\RouteFileRegistrar.php(35): require('C:\\\\wamp64\\\\www\\\\w...')
#2 C:\\wamp64\\www\\ww\\competition_regional_ibrahimi_maroua_backend\\vendor\\laravel\\framework\\src\\Illuminate\\Routing\\Router.php(425): Illuminate\\Routing\\RouteFileRegistrar->register('C:\\\\wamp64\\\\www\\\\w...')
#3 C:\\wamp64\\www\\ww\\competition_regional_ibrahimi_maroua_backend\\vendor\\laravel\\framework\\src\\Illuminate\\Routing\\Router.php(382): Illuminate\\Routing\\Router->loadRoutes('C:\\\\wamp64\\\\www\\\\w...')
#4 C:\\wamp64\\www\\ww\\competition_regional_ibrahimi_maroua_backend\\vendor\\laravel\\framework\\src\\Illuminate\\Routing\\RouteRegistrar.php(163): Illuminate\\Routing\\Router->group(Array, 'C:\\\\wamp64\\\\www\\\\w...')
#5 C:\\wamp64\\www\\ww\\competition_regional_ibrahimi_maroua_backend\\app\\Providers\\RouteServiceProvider.php(48): Illuminate\\Routing\\RouteRegistrar->group('C:\\\\wamp64\\\\www\\\\w...')
#6 C:\\wamp64\\www\\ww\\competition_regional_ibrahimi_maroua_backend\\vendor\\laravel\\framework\\src\\Illuminate\\Container\\BoundMethod.php(36): App\\Providers\\RouteServiceProvider->App\\Providers\\{closure}()
#7 C:\\wamp64\\www\\ww\\competition_regional_ibrahimi_maroua_backend\\vendor\\laravel\\framework\\src\\Illuminate\\Container\\Util.php(40): Illuminate\\Container\\BoundMethod::Illuminate\\Container\\{closure}()
#8 C:\\wamp64\\www\\ww\\competition_regional_ibrahimi_maroua_backend\\vendor\\laravel\\framework\\src\\Illuminate\\Container\\BoundMethod.php(81): Illuminate\\Container\\Util::unwrapIfClosure(Object(Closure))
#9 C:\\wamp64\\www\\ww\\competition_regional_ibrahimi_maroua_backend\\vendor\\laravel\\framework\\src\\Illuminate\\Container\\BoundMethod.php(37): Illuminate\\Container\\BoundMethod::callBoundMethod(Object(Illuminate\\Foundation\\Application), Object(Closure), Object(Closure))
#10 C:\\wamp64\\www\\ww\\competition_regional_ibrahimi_maroua_backend\\vendor\\laravel\\framework\\src\\Illuminate\\Container\\Container.php(653): Illuminate\\Container\\BoundMethod::call(Object(Illuminate\\Foundation\\Application), Object(Closure), Array, NULL)
#11 C:\\wamp64\\www\\ww\\competition_regional_ibrahimi_maroua_backend\\vendor\\laravel\\framework\\src\\Illuminate\\Foundation\\Support\\Providers\\RouteServiceProvider.php(120): Illuminate\\Container\\Container->call(Object(Closure))
#12 C:\\wamp64\\www\\ww\\competition_regional_ibrahimi_maroua_backend\\vendor\\laravel\\framework\\src\\Illuminate\\Foundation\\Support\\Providers\\RouteServiceProvider.php(45): Illuminate\\Foundation\\Support\\Providers\\RouteServiceProvider->loadRoutes()
#13 C:\\wamp64\\www\\ww\\competition_regional_ibrahimi_maroua_backend\\vendor\\laravel\\framework\\src\\Illuminate\\Container\\BoundMethod.php(36): Illuminate\\Foundation\\Support\\Providers\\RouteServiceProvider->Illuminate\\Foundation\\Support\\Providers\\{closure}()
#14 C:\\wamp64\\www\\ww\\competition_regional_ibrahimi_maroua_backend\\vendor\\laravel\\framework\\src\\Illuminate\\Container\\Util.php(40): Illuminate\\Container\\BoundMethod::Illuminate\\Container\\{closure}()
#15 C:\\wamp64\\www\\ww\\competition_regional_ibrahimi_maroua_backend\\vendor\\laravel\\framework\\src\\Illuminate\\Container\\BoundMethod.php(81): Illuminate\\Container\\Util::unwrapIfClosure(Object(Closure))
#16 C:\\wamp64\\www\\ww\\competition_regional_ibrahimi_maroua_backend\\vendor\\laravel\\framework\\src\\Illuminate\\Container\\BoundMethod.php(37): Illuminate\\Container\\BoundMethod::callBoundMethod(Object(Illuminate\\Foundation\\Application), Object(Closure), Object(Closure))
#17 C:\\wamp64\\www\\ww\\competition_regional_ibrahimi_maroua_backend\\vendor\\laravel\\framework\\src\\Illuminate\\Container\\Container.php(653): Illuminate\\Container\\BoundMethod::call(Object(Illuminate\\Foundation\\Application), Object(Closure), Array, NULL)
#18 C:\\wamp64\\www\\ww\\competition_regional_ibrahimi_maroua_backend\\vendor\\laravel\\framework\\src\\Illuminate\\Support\\ServiceProvider.php(119): Illuminate\\Container\\Container->call(Object(Closure))
#19 C:\\wamp64\\www\\ww\\competition_regional_ibrahimi_maroua_backend\\vendor\\laravel\\framework\\src\\Illuminate\\Foundation\\Application.php(929): Illuminate\\Support\\ServiceProvider->callBootedCallbacks()
#20 C:\\wamp64\\www\\ww\\competition_regional_ibrahimi_maroua_backend\\vendor\\laravel\\framework\\src\\Illuminate\\Foundation\\Application.php(907): Illuminate\\Foundation\\Application->bootProvider(Object(App\\Providers\\RouteServiceProvider))
#21 [internal function]: Illuminate\\Foundation\\Application->Illuminate\\Foundation\\{closure}(Object(App\\Providers\\RouteServiceProvider), 23)
#22 C:\\wamp64\\www\\ww\\competition_regional_ibrahimi_maroua_backend\\vendor\\laravel\\framework\\src\\Illuminate\\Foundation\\Application.php(908): array_walk(Array, Object(Closure))
#23 C:\\wamp64\\www\\ww\\competition_regional_ibrahimi_maroua_backend\\vendor\\laravel\\framework\\src\\Illuminate\\Foundation\\Bootstrap\\BootProviders.php(17): Illuminate\\Foundation\\Application->boot()
#24 C:\\wamp64\\www\\ww\\competition_regional_ibrahimi_maroua_backend\\vendor\\laravel\\framework\\src\\Illuminate\\Foundation\\Application.php(237): Illuminate\\Foundation\\Bootstrap\\BootProviders->bootstrap(Object(Illuminate\\Foundation\\Application))
#25 C:\\wamp64\\www\\ww\\competition_regional_ibrahimi_maroua_backend\\vendor\\laravel\\framework\\src\\Illuminate\\Foundation\\Console\\Kernel.php(310): Illuminate\\Foundation\\Application->bootstrapWith(Array)
#26 C:\\wamp64\\www\\ww\\competition_regional_ibrahimi_maroua_backend\\vendor\\laravel\\framework\\src\\Illuminate\\Foundation\\Console\\Kernel.php(127): Illuminate\\Foundation\\Console\\Kernel->bootstrap()
#27 C:\\wamp64\\www\\ww\\competition_regional_ibrahimi_maroua_backend\\artisan(37): Illuminate\\Foundation\\Console\\Kernel->handle(Object(Symfony\\Component\\Console\\Input\\ArgvInput), Object(Symfony\\Component\\Console\\Output\\ConsoleOutput))
#28 {main}
"} 
[2025-07-01 13:29:48] local.ERROR: Method Illuminate\Routing\Route::midellware does not exist. {"exception":"[object] (BadMethodCallException(code: 0): Method Illuminate\\Routing\\Route::midellware does not exist. at C:\\wamp64\\www\\ww\\competition_regional_ibrahimi_maroua_backend\\vendor\\laravel\\framework\\src\\Illuminate\\Macroable\\Traits\\Macroable.php:113)
[stacktrace]
#0 C:\\wamp64\\www\\ww\\competition_regional_ibrahimi_maroua_backend\\routes\\web.php(24): Illuminate\\Routing\\Route->__call('midellware', Array)
#1 C:\\wamp64\\www\\ww\\competition_regional_ibrahimi_maroua_backend\\vendor\\laravel\\framework\\src\\Illuminate\\Routing\\RouteFileRegistrar.php(35): require('C:\\\\wamp64\\\\www\\\\w...')
#2 C:\\wamp64\\www\\ww\\competition_regional_ibrahimi_maroua_backend\\vendor\\laravel\\framework\\src\\Illuminate\\Routing\\Router.php(425): Illuminate\\Routing\\RouteFileRegistrar->register('C:\\\\wamp64\\\\www\\\\w...')
#3 C:\\wamp64\\www\\ww\\competition_regional_ibrahimi_maroua_backend\\vendor\\laravel\\framework\\src\\Illuminate\\Routing\\Router.php(382): Illuminate\\Routing\\Router->loadRoutes('C:\\\\wamp64\\\\www\\\\w...')
#4 C:\\wamp64\\www\\ww\\competition_regional_ibrahimi_maroua_backend\\vendor\\laravel\\framework\\src\\Illuminate\\Routing\\RouteRegistrar.php(163): Illuminate\\Routing\\Router->group(Array, 'C:\\\\wamp64\\\\www\\\\w...')
#5 C:\\wamp64\\www\\ww\\competition_regional_ibrahimi_maroua_backend\\app\\Providers\\RouteServiceProvider.php(48): Illuminate\\Routing\\RouteRegistrar->group('C:\\\\wamp64\\\\www\\\\w...')
#6 C:\\wamp64\\www\\ww\\competition_regional_ibrahimi_maroua_backend\\vendor\\laravel\\framework\\src\\Illuminate\\Container\\BoundMethod.php(36): App\\Providers\\RouteServiceProvider->App\\Providers\\{closure}()
#7 C:\\wamp64\\www\\ww\\competition_regional_ibrahimi_maroua_backend\\vendor\\laravel\\framework\\src\\Illuminate\\Container\\Util.php(40): Illuminate\\Container\\BoundMethod::Illuminate\\Container\\{closure}()
#8 C:\\wamp64\\www\\ww\\competition_regional_ibrahimi_maroua_backend\\vendor\\laravel\\framework\\src\\Illuminate\\Container\\BoundMethod.php(81): Illuminate\\Container\\Util::unwrapIfClosure(Object(Closure))
#9 C:\\wamp64\\www\\ww\\competition_regional_ibrahimi_maroua_backend\\vendor\\laravel\\framework\\src\\Illuminate\\Container\\BoundMethod.php(37): Illuminate\\Container\\BoundMethod::callBoundMethod(Object(Illuminate\\Foundation\\Application), Object(Closure), Object(Closure))
#10 C:\\wamp64\\www\\ww\\competition_regional_ibrahimi_maroua_backend\\vendor\\laravel\\framework\\src\\Illuminate\\Container\\Container.php(653): Illuminate\\Container\\BoundMethod::call(Object(Illuminate\\Foundation\\Application), Object(Closure), Array, NULL)
#11 C:\\wamp64\\www\\ww\\competition_regional_ibrahimi_maroua_backend\\vendor\\laravel\\framework\\src\\Illuminate\\Foundation\\Support\\Providers\\RouteServiceProvider.php(120): Illuminate\\Container\\Container->call(Object(Closure))
#12 C:\\wamp64\\www\\ww\\competition_regional_ibrahimi_maroua_backend\\vendor\\laravel\\framework\\src\\Illuminate\\Foundation\\Support\\Providers\\RouteServiceProvider.php(45): Illuminate\\Foundation\\Support\\Providers\\RouteServiceProvider->loadRoutes()
#13 C:\\wamp64\\www\\ww\\competition_regional_ibrahimi_maroua_backend\\vendor\\laravel\\framework\\src\\Illuminate\\Container\\BoundMethod.php(36): Illuminate\\Foundation\\Support\\Providers\\RouteServiceProvider->Illuminate\\Foundation\\Support\\Providers\\{closure}()
#14 C:\\wamp64\\www\\ww\\competition_regional_ibrahimi_maroua_backend\\vendor\\laravel\\framework\\src\\Illuminate\\Container\\Util.php(40): Illuminate\\Container\\BoundMethod::Illuminate\\Container\\{closure}()
#15 C:\\wamp64\\www\\ww\\competition_regional_ibrahimi_maroua_backend\\vendor\\laravel\\framework\\src\\Illuminate\\Container\\BoundMethod.php(81): Illuminate\\Container\\Util::unwrapIfClosure(Object(Closure))
#16 C:\\wamp64\\www\\ww\\competition_regional_ibrahimi_maroua_backend\\vendor\\laravel\\framework\\src\\Illuminate\\Container\\BoundMethod.php(37): Illuminate\\Container\\BoundMethod::callBoundMethod(Object(Illuminate\\Foundation\\Application), Object(Closure), Object(Closure))
#17 C:\\wamp64\\www\\ww\\competition_regional_ibrahimi_maroua_backend\\vendor\\laravel\\framework\\src\\Illuminate\\Container\\Container.php(653): Illuminate\\Container\\BoundMethod::call(Object(Illuminate\\Foundation\\Application), Object(Closure), Array, NULL)
#18 C:\\wamp64\\www\\ww\\competition_regional_ibrahimi_maroua_backend\\vendor\\laravel\\framework\\src\\Illuminate\\Support\\ServiceProvider.php(119): Illuminate\\Container\\Container->call(Object(Closure))
#19 C:\\wamp64\\www\\ww\\competition_regional_ibrahimi_maroua_backend\\vendor\\laravel\\framework\\src\\Illuminate\\Foundation\\Application.php(929): Illuminate\\Support\\ServiceProvider->callBootedCallbacks()
#20 C:\\wamp64\\www\\ww\\competition_regional_ibrahimi_maroua_backend\\vendor\\laravel\\framework\\src\\Illuminate\\Foundation\\Application.php(907): Illuminate\\Foundation\\Application->bootProvider(Object(App\\Providers\\RouteServiceProvider))
#21 [internal function]: Illuminate\\Foundation\\Application->Illuminate\\Foundation\\{closure}(Object(App\\Providers\\RouteServiceProvider), 23)
#22 C:\\wamp64\\www\\ww\\competition_regional_ibrahimi_maroua_backend\\vendor\\laravel\\framework\\src\\Illuminate\\Foundation\\Application.php(908): array_walk(Array, Object(Closure))
#23 C:\\wamp64\\www\\ww\\competition_regional_ibrahimi_maroua_backend\\vendor\\laravel\\framework\\src\\Illuminate\\Foundation\\Bootstrap\\BootProviders.php(17): Illuminate\\Foundation\\Application->boot()
#24 C:\\wamp64\\www\\ww\\competition_regional_ibrahimi_maroua_backend\\vendor\\laravel\\framework\\src\\Illuminate\\Foundation\\Application.php(237): Illuminate\\Foundation\\Bootstrap\\BootProviders->bootstrap(Object(Illuminate\\Foundation\\Application))
#25 C:\\wamp64\\www\\ww\\competition_regional_ibrahimi_maroua_backend\\vendor\\laravel\\framework\\src\\Illuminate\\Foundation\\Console\\Kernel.php(310): Illuminate\\Foundation\\Application->bootstrapWith(Array)
#26 C:\\wamp64\\www\\ww\\competition_regional_ibrahimi_maroua_backend\\vendor\\laravel\\framework\\src\\Illuminate\\Foundation\\Console\\Kernel.php(127): Illuminate\\Foundation\\Console\\Kernel->bootstrap()
#27 C:\\wamp64\\www\\ww\\competition_regional_ibrahimi_maroua_backend\\artisan(37): Illuminate\\Foundation\\Console\\Kernel->handle(Object(Symfony\\Component\\Console\\Input\\ArgvInput), Object(Symfony\\Component\\Console\\Output\\ConsoleOutput))
#28 {main}
"} 
